../bin/rate KPF6inACN 05 00 5.3 9.1 0.05 0
../bin/rate KPF6inACN 05 01 5.3 9.1 0.05 0
../bin/rate KPF6inACN 05 02 5.3 9.1 0.05 0
../bin/rate KPF6inACN 05 03 5.3 9.1 0.05 0
../bin/rate KPF6inACN 05 04 5.3 9.1 0.05 0
../bin/rate KPF6inACN 05 05 5.3 9.1 0.05 0
../bin/rate KPF6inACN 05 06 5.3 9.1 0.05 0
../bin/rate KPF6inACN 05 07 5.3 9.1 0.05 0
../bin/rate KPF6inACN 05 08 5.3 9.1 0.05 0
../bin/rate KPF6inACN 05 09 5.3 9.1 0.05 0
../bin/rate KPF6inACN 05 11 5.3 9.1 0.05 0
../bin/rate KPF6inACN 05 13 5.3 9.1 0.05 0
../bin/rate KPF6inACN 05 15 5.3 9.1 0.05 0
../bin/rate KPF6inACN 05 17 5.3 9.1 0.05 0
../bin/rate KPF6inACN 05 19 5.3 9.1 0.05 0
../bin/rate KPF6inACN 05 22 5.3 9.1 0.05 0
../bin/rate KPF6inACN 05 25 5.3 9.1 0.05 0
../bin/rate KPF6inACN 05 30 5.3 9.1 0.05 0
../bin/rate KPF6inACN 05 35 5.3 9.1 0.05 0
../bin/rate KPF6inACN 05 40 5.3 9.1 0.05 0
../bin/rate KPF6inACN 05 45 5.3 9.1 0.05 0
../bin/rate KPF6inACN 05 50 5.3 9.1 0.05 0
../bin/rate KPF6inACN 05 55 5.3 9.1 0.05 0
../bin/rate KPF6inACN 05 60 5.3 9.1 0.05 0
../bin/rate KPF6inACN 05 65 5.3 9.1 0.05 0
../bin/rate KPF6inACN 05 70 5.3 9.1 0.05 0
../bin/rate KPF6inACN 05 75 5.3 9.1 0.05 0
../bin/rate KPF6inACN 05 80 5.3 9.1 0.05 0
../bin/rate KPF6inACN 05 85 5.3 9.1 0.05 0
../bin/rate KPF6inACN 05 90 5.3 9.1 0.05 0
../bin/rate KPF6inACN 05 95 5.3 9.1 0.05 0
../bin/rate KPF6inACN 05 100 5.3 9.1 0.05 0
../bin/rate KPF6inACN 05 105 5.3 9.1 0.05 0
../bin/rate KPF6inACN 05 110 5.3 9.1 0.05 0
../bin/rate KPF6inACN 05 115 5.3 9.1 0.05 0
