../bin/rate LiPF6inACN 05 40 4.3 7.0 0.05 1
../bin/rate LiPF6inACN 05 40 4.3 7.3 0.05 2
../bin/rate LiPF6inACN 05 40 4.3 7.6 0.05 3
../bin/rate LiPF6inACN 05 40 4.3 7.9 0.05 4
../bin/rate LiPF6inACN 05 40 4.3 8.2 0.05 5
../bin/rate LiPF6inACN 05 40 4.3 8.5 0.05 6
../bin/rate LiPF6inACN 05 40 4.3 8.8 0.05 7
../bin/rate LiPF6inACN 05 40 4.3 9.1 0.05 8
../bin/rate LiPF6inACN 05 40 4.3 9.4 0.05 9
../bin/rate LiPF6inACN 05 40 4.3 9.7 0.05 10
../bin/rate LiPF6inACN 05 40 4.3 10.0 0.05 11
../bin/rate LiPF6inACN 05 40 4.3 10.3 0.05 12
../bin/rate LiPF6inACN 05 40 4.3 10.6 0.05 13
../bin/rate LiPF6inACN 05 40 4.3 10.9 0.05 14
../bin/rate LiPF6inACN 05 40 4.3 11.2 0.05 15
../bin/rate LiPF6inACN 05 40 4.5 7.0 0.05 16
../bin/rate LiPF6inACN 05 40 4.5 7.3 0.05 17
../bin/rate LiPF6inACN 05 40 4.5 7.6 0.05 18
../bin/rate LiPF6inACN 05 40 4.5 7.9 0.05 19
../bin/rate LiPF6inACN 05 40 4.5 8.2 0.05 20
../bin/rate LiPF6inACN 05 40 4.5 8.5 0.05 21
../bin/rate LiPF6inACN 05 40 4.5 8.8 0.05 22
../bin/rate LiPF6inACN 05 40 4.5 9.1 0.05 23
../bin/rate LiPF6inACN 05 40 4.5 9.4 0.05 24
../bin/rate LiPF6inACN 05 40 4.5 9.7 0.05 25
../bin/rate LiPF6inACN 05 40 4.5 10.0 0.05 26
../bin/rate LiPF6inACN 05 40 4.5 10.3 0.05 27
../bin/rate LiPF6inACN 05 40 4.5 10.6 0.05 28
../bin/rate LiPF6inACN 05 40 4.5 10.9 0.05 29
../bin/rate LiPF6inACN 05 40 4.5 11.2 0.05 30
../bin/rate LiPF6inACN 05 40 4.7 7.0 0.05 31
../bin/rate LiPF6inACN 05 40 4.7 7.3 0.05 32
../bin/rate LiPF6inACN 05 40 4.7 7.6 0.05 33
../bin/rate LiPF6inACN 05 40 4.7 7.9 0.05 34
../bin/rate LiPF6inACN 05 40 4.7 8.2 0.05 35
../bin/rate LiPF6inACN 05 40 4.7 8.5 0.05 36
../bin/rate LiPF6inACN 05 40 4.7 8.8 0.05 37
../bin/rate LiPF6inACN 05 40 4.7 9.1 0.05 38
../bin/rate LiPF6inACN 05 40 4.7 9.4 0.05 39
../bin/rate LiPF6inACN 05 40 4.7 9.7 0.05 40
../bin/rate LiPF6inACN 05 40 4.7 10.0 0.05 41
../bin/rate LiPF6inACN 05 40 4.7 10.3 0.05 42
../bin/rate LiPF6inACN 05 40 4.7 10.6 0.05 43
../bin/rate LiPF6inACN 05 40 4.7 10.9 0.05 44
../bin/rate LiPF6inACN 05 40 4.7 11.2 0.05 45
../bin/rate LiPF6inACN 05 40 4.9 7.0 0.05 46
../bin/rate LiPF6inACN 05 40 4.9 7.3 0.05 47
../bin/rate LiPF6inACN 05 40 4.9 7.6 0.05 48
../bin/rate LiPF6inACN 05 40 4.9 7.9 0.05 49
../bin/rate LiPF6inACN 05 40 4.9 8.2 0.05 50
../bin/rate LiPF6inACN 05 40 4.9 8.5 0.05 51
../bin/rate LiPF6inACN 05 40 4.9 8.8 0.05 52
../bin/rate LiPF6inACN 05 40 4.9 9.1 0.05 53
../bin/rate LiPF6inACN 05 40 4.9 9.4 0.05 54
../bin/rate LiPF6inACN 05 40 4.9 9.7 0.05 55
../bin/rate LiPF6inACN 05 40 4.9 10.0 0.05 56
../bin/rate LiPF6inACN 05 40 4.9 10.3 0.05 57
../bin/rate LiPF6inACN 05 40 4.9 10.6 0.05 58
../bin/rate LiPF6inACN 05 40 4.9 10.9 0.05 59
../bin/rate LiPF6inACN 05 40 4.9 11.2 0.05 60
../bin/rate LiPF6inACN 05 40 5.1 7.0 0.05 61
../bin/rate LiPF6inACN 05 40 5.1 7.3 0.05 62
../bin/rate LiPF6inACN 05 40 5.1 7.6 0.05 63
../bin/rate LiPF6inACN 05 40 5.1 7.9 0.05 64
../bin/rate LiPF6inACN 05 40 5.1 8.2 0.05 65
../bin/rate LiPF6inACN 05 40 5.1 8.5 0.05 66
../bin/rate LiPF6inACN 05 40 5.1 8.8 0.05 67
../bin/rate LiPF6inACN 05 40 5.1 9.1 0.05 68
../bin/rate LiPF6inACN 05 40 5.1 9.4 0.05 69
../bin/rate LiPF6inACN 05 40 5.1 9.7 0.05 70
../bin/rate LiPF6inACN 05 40 5.1 10.0 0.05 71
../bin/rate LiPF6inACN 05 40 5.1 10.3 0.05 72
../bin/rate LiPF6inACN 05 40 5.1 10.6 0.05 73
../bin/rate LiPF6inACN 05 40 5.1 10.9 0.05 74
../bin/rate LiPF6inACN 05 40 5.1 11.2 0.05 75
../bin/rate LiPF6inACN 05 40 5.3 7.0 0.05 76
../bin/rate LiPF6inACN 05 40 5.3 7.3 0.05 77
../bin/rate LiPF6inACN 05 40 5.3 7.6 0.05 78
../bin/rate LiPF6inACN 05 40 5.3 7.9 0.05 79
../bin/rate LiPF6inACN 05 40 5.3 8.2 0.05 80
../bin/rate LiPF6inACN 05 40 5.3 8.5 0.05 81
../bin/rate LiPF6inACN 05 40 5.3 8.8 0.05 82
../bin/rate LiPF6inACN 05 40 5.3 9.1 0.05 83
../bin/rate LiPF6inACN 05 40 5.3 9.4 0.05 84
../bin/rate LiPF6inACN 05 40 5.3 9.7 0.05 85
../bin/rate LiPF6inACN 05 40 5.3 10.0 0.05 86
../bin/rate LiPF6inACN 05 40 5.3 10.3 0.05 87
../bin/rate LiPF6inACN 05 40 5.3 10.6 0.05 88
../bin/rate LiPF6inACN 05 40 5.3 10.9 0.05 89
../bin/rate LiPF6inACN 05 40 5.3 11.2 0.05 90
../bin/rate LiPF6inACN 05 40 5.5 7.0 0.05 91
../bin/rate LiPF6inACN 05 40 5.5 7.3 0.05 92
../bin/rate LiPF6inACN 05 40 5.5 7.6 0.05 93
../bin/rate LiPF6inACN 05 40 5.5 7.9 0.05 94
../bin/rate LiPF6inACN 05 40 5.5 8.2 0.05 95
../bin/rate LiPF6inACN 05 40 5.5 8.5 0.05 96
../bin/rate LiPF6inACN 05 40 5.5 8.8 0.05 97
../bin/rate LiPF6inACN 05 40 5.5 9.1 0.05 98
../bin/rate LiPF6inACN 05 40 5.5 9.4 0.05 99
../bin/rate LiPF6inACN 05 40 5.5 9.7 0.05 100
../bin/rate LiPF6inACN 05 40 5.5 10.0 0.05 101
../bin/rate LiPF6inACN 05 40 5.5 10.3 0.05 102
../bin/rate LiPF6inACN 05 40 5.5 10.6 0.05 103
../bin/rate LiPF6inACN 05 40 5.5 10.9 0.05 104
../bin/rate LiPF6inACN 05 40 5.5 11.2 0.05 105
../bin/rate LiPF6inACN 05 40 5.7 7.0 0.05 106
../bin/rate LiPF6inACN 05 40 5.7 7.3 0.05 107
../bin/rate LiPF6inACN 05 40 5.7 7.6 0.05 108
../bin/rate LiPF6inACN 05 40 5.7 7.9 0.05 109
../bin/rate LiPF6inACN 05 40 5.7 8.2 0.05 110
../bin/rate LiPF6inACN 05 40 5.7 8.5 0.05 111
../bin/rate LiPF6inACN 05 40 5.7 8.8 0.05 112
../bin/rate LiPF6inACN 05 40 5.7 9.1 0.05 113
../bin/rate LiPF6inACN 05 40 5.7 9.4 0.05 114
../bin/rate LiPF6inACN 05 40 5.7 9.7 0.05 115
../bin/rate LiPF6inACN 05 40 5.7 10.0 0.05 116
../bin/rate LiPF6inACN 05 40 5.7 10.3 0.05 117
../bin/rate LiPF6inACN 05 40 5.7 10.6 0.05 118
../bin/rate LiPF6inACN 05 40 5.7 10.9 0.05 119
../bin/rate LiPF6inACN 05 40 5.7 11.2 0.05 120
../bin/rate LiPF6inACN 05 40 5.9 7.0 0.05 121
../bin/rate LiPF6inACN 05 40 5.9 7.3 0.05 122
../bin/rate LiPF6inACN 05 40 5.9 7.6 0.05 123
../bin/rate LiPF6inACN 05 40 5.9 7.9 0.05 124
../bin/rate LiPF6inACN 05 40 5.9 8.2 0.05 125
../bin/rate LiPF6inACN 05 40 5.9 8.5 0.05 126
../bin/rate LiPF6inACN 05 40 5.9 8.8 0.05 127
../bin/rate LiPF6inACN 05 40 5.9 9.1 0.05 128
../bin/rate LiPF6inACN 05 40 5.9 9.4 0.05 129
../bin/rate LiPF6inACN 05 40 5.9 9.7 0.05 130
../bin/rate LiPF6inACN 05 40 5.9 10.0 0.05 131
../bin/rate LiPF6inACN 05 40 5.9 10.3 0.05 132
../bin/rate LiPF6inACN 05 40 5.9 10.6 0.05 133
../bin/rate LiPF6inACN 05 40 5.9 10.9 0.05 134
../bin/rate LiPF6inACN 05 40 5.9 11.2 0.05 135
../bin/rate KPF6inACN 05 40 4.3 7.0 0.05 1
../bin/rate KPF6inACN 05 40 4.3 7.3 0.05 2
../bin/rate KPF6inACN 05 40 4.3 7.6 0.05 3
../bin/rate KPF6inACN 05 40 4.3 7.9 0.05 4
../bin/rate KPF6inACN 05 40 4.3 8.2 0.05 5
../bin/rate KPF6inACN 05 40 4.3 8.5 0.05 6
../bin/rate KPF6inACN 05 40 4.3 8.8 0.05 7
../bin/rate KPF6inACN 05 40 4.3 9.1 0.05 8
../bin/rate KPF6inACN 05 40 4.3 9.4 0.05 9
../bin/rate KPF6inACN 05 40 4.3 9.7 0.05 10
../bin/rate KPF6inACN 05 40 4.3 10.0 0.05 11
../bin/rate KPF6inACN 05 40 4.3 10.3 0.05 12
../bin/rate KPF6inACN 05 40 4.3 10.6 0.05 13
../bin/rate KPF6inACN 05 40 4.3 10.9 0.05 14
../bin/rate KPF6inACN 05 40 4.3 11.2 0.05 15
../bin/rate KPF6inACN 05 40 4.5 7.0 0.05 16
../bin/rate KPF6inACN 05 40 4.5 7.3 0.05 17
../bin/rate KPF6inACN 05 40 4.5 7.6 0.05 18
../bin/rate KPF6inACN 05 40 4.5 7.9 0.05 19
../bin/rate KPF6inACN 05 40 4.5 8.2 0.05 20
../bin/rate KPF6inACN 05 40 4.5 8.5 0.05 21
../bin/rate KPF6inACN 05 40 4.5 8.8 0.05 22
../bin/rate KPF6inACN 05 40 4.5 9.1 0.05 23
../bin/rate KPF6inACN 05 40 4.5 9.4 0.05 24
../bin/rate KPF6inACN 05 40 4.5 9.7 0.05 25
../bin/rate KPF6inACN 05 40 4.5 10.0 0.05 26
../bin/rate KPF6inACN 05 40 4.5 10.3 0.05 27
../bin/rate KPF6inACN 05 40 4.5 10.6 0.05 28
../bin/rate KPF6inACN 05 40 4.5 10.9 0.05 29
../bin/rate KPF6inACN 05 40 4.5 11.2 0.05 30
../bin/rate KPF6inACN 05 40 4.7 7.0 0.05 31
../bin/rate KPF6inACN 05 40 4.7 7.3 0.05 32
../bin/rate KPF6inACN 05 40 4.7 7.6 0.05 33
../bin/rate KPF6inACN 05 40 4.7 7.9 0.05 34
../bin/rate KPF6inACN 05 40 4.7 8.2 0.05 35
../bin/rate KPF6inACN 05 40 4.7 8.5 0.05 36
../bin/rate KPF6inACN 05 40 4.7 8.8 0.05 37
../bin/rate KPF6inACN 05 40 4.7 9.1 0.05 38
../bin/rate KPF6inACN 05 40 4.7 9.4 0.05 39
../bin/rate KPF6inACN 05 40 4.7 9.7 0.05 40
../bin/rate KPF6inACN 05 40 4.7 10.0 0.05 41
../bin/rate KPF6inACN 05 40 4.7 10.3 0.05 42
../bin/rate KPF6inACN 05 40 4.7 10.6 0.05 43
../bin/rate KPF6inACN 05 40 4.7 10.9 0.05 44
../bin/rate KPF6inACN 05 40 4.7 11.2 0.05 45
../bin/rate KPF6inACN 05 40 4.9 7.0 0.05 46
../bin/rate KPF6inACN 05 40 4.9 7.3 0.05 47
../bin/rate KPF6inACN 05 40 4.9 7.6 0.05 48
../bin/rate KPF6inACN 05 40 4.9 7.9 0.05 49
../bin/rate KPF6inACN 05 40 4.9 8.2 0.05 50
../bin/rate KPF6inACN 05 40 4.9 8.5 0.05 51
../bin/rate KPF6inACN 05 40 4.9 8.8 0.05 52
../bin/rate KPF6inACN 05 40 4.9 9.1 0.05 53
../bin/rate KPF6inACN 05 40 4.9 9.4 0.05 54
../bin/rate KPF6inACN 05 40 4.9 9.7 0.05 55
../bin/rate KPF6inACN 05 40 4.9 10.0 0.05 56
../bin/rate KPF6inACN 05 40 4.9 10.3 0.05 57
../bin/rate KPF6inACN 05 40 4.9 10.6 0.05 58
../bin/rate KPF6inACN 05 40 4.9 10.9 0.05 59
../bin/rate KPF6inACN 05 40 4.9 11.2 0.05 60
../bin/rate KPF6inACN 05 40 5.1 7.0 0.05 61
../bin/rate KPF6inACN 05 40 5.1 7.3 0.05 62
../bin/rate KPF6inACN 05 40 5.1 7.6 0.05 63
../bin/rate KPF6inACN 05 40 5.1 7.9 0.05 64
../bin/rate KPF6inACN 05 40 5.1 8.2 0.05 65
../bin/rate KPF6inACN 05 40 5.1 8.5 0.05 66
../bin/rate KPF6inACN 05 40 5.1 8.8 0.05 67
../bin/rate KPF6inACN 05 40 5.1 9.1 0.05 68
../bin/rate KPF6inACN 05 40 5.1 9.4 0.05 69
../bin/rate KPF6inACN 05 40 5.1 9.7 0.05 70
../bin/rate KPF6inACN 05 40 5.1 10.0 0.05 71
../bin/rate KPF6inACN 05 40 5.1 10.3 0.05 72
../bin/rate KPF6inACN 05 40 5.1 10.6 0.05 73
../bin/rate KPF6inACN 05 40 5.1 10.9 0.05 74
../bin/rate KPF6inACN 05 40 5.1 11.2 0.05 75
../bin/rate KPF6inACN 05 40 5.3 7.0 0.05 76
../bin/rate KPF6inACN 05 40 5.3 7.3 0.05 77
../bin/rate KPF6inACN 05 40 5.3 7.6 0.05 78
../bin/rate KPF6inACN 05 40 5.3 7.9 0.05 79
../bin/rate KPF6inACN 05 40 5.3 8.2 0.05 80
../bin/rate KPF6inACN 05 40 5.3 8.5 0.05 81
../bin/rate KPF6inACN 05 40 5.3 8.8 0.05 82
../bin/rate KPF6inACN 05 40 5.3 9.1 0.05 83
../bin/rate KPF6inACN 05 40 5.3 9.4 0.05 84
../bin/rate KPF6inACN 05 40 5.3 9.7 0.05 85
../bin/rate KPF6inACN 05 40 5.3 10.0 0.05 86
../bin/rate KPF6inACN 05 40 5.3 10.3 0.05 87
../bin/rate KPF6inACN 05 40 5.3 10.6 0.05 88
../bin/rate KPF6inACN 05 40 5.3 10.9 0.05 89
../bin/rate KPF6inACN 05 40 5.3 11.2 0.05 90
../bin/rate KPF6inACN 05 40 5.5 7.0 0.05 91
../bin/rate KPF6inACN 05 40 5.5 7.3 0.05 92
../bin/rate KPF6inACN 05 40 5.5 7.6 0.05 93
../bin/rate KPF6inACN 05 40 5.5 7.9 0.05 94
../bin/rate KPF6inACN 05 40 5.5 8.2 0.05 95
../bin/rate KPF6inACN 05 40 5.5 8.5 0.05 96
../bin/rate KPF6inACN 05 40 5.5 8.8 0.05 97
../bin/rate KPF6inACN 05 40 5.5 9.1 0.05 98
../bin/rate KPF6inACN 05 40 5.5 9.4 0.05 99
../bin/rate KPF6inACN 05 40 5.5 9.7 0.05 100
../bin/rate KPF6inACN 05 40 5.5 10.0 0.05 101
../bin/rate KPF6inACN 05 40 5.5 10.3 0.05 102
../bin/rate KPF6inACN 05 40 5.5 10.6 0.05 103
../bin/rate KPF6inACN 05 40 5.5 10.9 0.05 104
../bin/rate KPF6inACN 05 40 5.5 11.2 0.05 105
../bin/rate KPF6inACN 05 40 5.7 7.0 0.05 106
../bin/rate KPF6inACN 05 40 5.7 7.3 0.05 107
../bin/rate KPF6inACN 05 40 5.7 7.6 0.05 108
../bin/rate KPF6inACN 05 40 5.7 7.9 0.05 109
../bin/rate KPF6inACN 05 40 5.7 8.2 0.05 110
../bin/rate KPF6inACN 05 40 5.7 8.5 0.05 111
../bin/rate KPF6inACN 05 40 5.7 8.8 0.05 112
../bin/rate KPF6inACN 05 40 5.7 9.1 0.05 113
../bin/rate KPF6inACN 05 40 5.7 9.4 0.05 114
../bin/rate KPF6inACN 05 40 5.7 9.7 0.05 115
../bin/rate KPF6inACN 05 40 5.7 10.0 0.05 116
../bin/rate KPF6inACN 05 40 5.7 10.3 0.05 117
../bin/rate KPF6inACN 05 40 5.7 10.6 0.05 118
../bin/rate KPF6inACN 05 40 5.7 10.9 0.05 119
../bin/rate KPF6inACN 05 40 5.7 11.2 0.05 120
../bin/rate KPF6inACN 05 40 5.9 7.0 0.05 121
../bin/rate KPF6inACN 05 40 5.9 7.3 0.05 122
../bin/rate KPF6inACN 05 40 5.9 7.6 0.05 123
../bin/rate KPF6inACN 05 40 5.9 7.9 0.05 124
../bin/rate KPF6inACN 05 40 5.9 8.2 0.05 125
../bin/rate KPF6inACN 05 40 5.9 8.5 0.05 126
../bin/rate KPF6inACN 05 40 5.9 8.8 0.05 127
../bin/rate KPF6inACN 05 40 5.9 9.1 0.05 128
../bin/rate KPF6inACN 05 40 5.9 9.4 0.05 129
../bin/rate KPF6inACN 05 40 5.9 9.7 0.05 130
../bin/rate KPF6inACN 05 40 5.9 10.0 0.05 131
../bin/rate KPF6inACN 05 40 5.9 10.3 0.05 132
../bin/rate KPF6inACN 05 40 5.9 10.6 0.05 133
../bin/rate KPF6inACN 05 40 5.9 10.9 0.05 134
../bin/rate KPF6inACN 05 40 5.9 11.2 0.05 135
../bin/rate KPF6inACN 05 00 4.3 7.0 0.05 1
../bin/rate KPF6inACN 05 00 4.3 7.3 0.05 2
../bin/rate KPF6inACN 05 00 4.3 7.6 0.05 3
../bin/rate KPF6inACN 05 00 4.3 7.9 0.05 4
../bin/rate KPF6inACN 05 00 4.3 8.2 0.05 5
../bin/rate KPF6inACN 05 00 4.3 8.5 0.05 6
../bin/rate KPF6inACN 05 00 4.3 8.8 0.05 7
../bin/rate KPF6inACN 05 00 4.3 9.1 0.05 8
../bin/rate KPF6inACN 05 00 4.3 9.4 0.05 9
../bin/rate KPF6inACN 05 00 4.3 9.7 0.05 10
../bin/rate KPF6inACN 05 00 4.3 10.0 0.05 11
../bin/rate KPF6inACN 05 00 4.3 10.3 0.05 12
../bin/rate KPF6inACN 05 00 4.3 10.6 0.05 13
../bin/rate KPF6inACN 05 00 4.3 10.9 0.05 14
../bin/rate KPF6inACN 05 00 4.3 11.2 0.05 15
../bin/rate KPF6inACN 05 00 4.5 7.0 0.05 16
../bin/rate KPF6inACN 05 00 4.5 7.3 0.05 17
../bin/rate KPF6inACN 05 00 4.5 7.6 0.05 18
../bin/rate KPF6inACN 05 00 4.5 7.9 0.05 19
../bin/rate KPF6inACN 05 00 4.5 8.2 0.05 20
../bin/rate KPF6inACN 05 00 4.5 8.5 0.05 21
../bin/rate KPF6inACN 05 00 4.5 8.8 0.05 22
../bin/rate KPF6inACN 05 00 4.5 9.1 0.05 23
../bin/rate KPF6inACN 05 00 4.5 9.4 0.05 24
../bin/rate KPF6inACN 05 00 4.5 9.7 0.05 25
../bin/rate KPF6inACN 05 00 4.5 10.0 0.05 26
../bin/rate KPF6inACN 05 00 4.5 10.3 0.05 27
../bin/rate KPF6inACN 05 00 4.5 10.6 0.05 28
../bin/rate KPF6inACN 05 00 4.5 10.9 0.05 29
../bin/rate KPF6inACN 05 00 4.5 11.2 0.05 30
../bin/rate KPF6inACN 05 00 4.7 7.0 0.05 31
../bin/rate KPF6inACN 05 00 4.7 7.3 0.05 32
../bin/rate KPF6inACN 05 00 4.7 7.6 0.05 33
../bin/rate KPF6inACN 05 00 4.7 7.9 0.05 34
../bin/rate KPF6inACN 05 00 4.7 8.2 0.05 35
../bin/rate KPF6inACN 05 00 4.7 8.5 0.05 36
../bin/rate KPF6inACN 05 00 4.7 8.8 0.05 37
../bin/rate KPF6inACN 05 00 4.7 9.1 0.05 38
../bin/rate KPF6inACN 05 00 4.7 9.4 0.05 39
../bin/rate KPF6inACN 05 00 4.7 9.7 0.05 40
../bin/rate KPF6inACN 05 00 4.7 10.0 0.05 41
../bin/rate KPF6inACN 05 00 4.7 10.3 0.05 42
../bin/rate KPF6inACN 05 00 4.7 10.6 0.05 43
../bin/rate KPF6inACN 05 00 4.7 10.9 0.05 44
../bin/rate KPF6inACN 05 00 4.7 11.2 0.05 45
../bin/rate KPF6inACN 05 00 4.9 7.0 0.05 46
../bin/rate KPF6inACN 05 00 4.9 7.3 0.05 47
../bin/rate KPF6inACN 05 00 4.9 7.6 0.05 48
../bin/rate KPF6inACN 05 00 4.9 7.9 0.05 49
../bin/rate KPF6inACN 05 00 4.9 8.2 0.05 50
../bin/rate KPF6inACN 05 00 4.9 8.5 0.05 51
../bin/rate KPF6inACN 05 00 4.9 8.8 0.05 52
../bin/rate KPF6inACN 05 00 4.9 9.1 0.05 53
../bin/rate KPF6inACN 05 00 4.9 9.4 0.05 54
../bin/rate KPF6inACN 05 00 4.9 9.7 0.05 55
../bin/rate KPF6inACN 05 00 4.9 10.0 0.05 56
../bin/rate KPF6inACN 05 00 4.9 10.3 0.05 57
../bin/rate KPF6inACN 05 00 4.9 10.6 0.05 58
../bin/rate KPF6inACN 05 00 4.9 10.9 0.05 59
../bin/rate KPF6inACN 05 00 4.9 11.2 0.05 60
../bin/rate KPF6inACN 05 00 5.1 7.0 0.05 61
../bin/rate KPF6inACN 05 00 5.1 7.3 0.05 62
../bin/rate KPF6inACN 05 00 5.1 7.6 0.05 63
../bin/rate KPF6inACN 05 00 5.1 7.9 0.05 64
../bin/rate KPF6inACN 05 00 5.1 8.2 0.05 65
../bin/rate KPF6inACN 05 00 5.1 8.5 0.05 66
../bin/rate KPF6inACN 05 00 5.1 8.8 0.05 67
../bin/rate KPF6inACN 05 00 5.1 9.1 0.05 68
../bin/rate KPF6inACN 05 00 5.1 9.4 0.05 69
../bin/rate KPF6inACN 05 00 5.1 9.7 0.05 70
../bin/rate KPF6inACN 05 00 5.1 10.0 0.05 71
../bin/rate KPF6inACN 05 00 5.1 10.3 0.05 72
../bin/rate KPF6inACN 05 00 5.1 10.6 0.05 73
../bin/rate KPF6inACN 05 00 5.1 10.9 0.05 74
../bin/rate KPF6inACN 05 00 5.1 11.2 0.05 75
../bin/rate KPF6inACN 05 00 5.3 7.0 0.05 76
../bin/rate KPF6inACN 05 00 5.3 7.3 0.05 77
../bin/rate KPF6inACN 05 00 5.3 7.6 0.05 78
../bin/rate KPF6inACN 05 00 5.3 7.9 0.05 79
../bin/rate KPF6inACN 05 00 5.3 8.2 0.05 80
../bin/rate KPF6inACN 05 00 5.3 8.5 0.05 81
../bin/rate KPF6inACN 05 00 5.3 8.8 0.05 82
../bin/rate KPF6inACN 05 00 5.3 9.1 0.05 83
../bin/rate KPF6inACN 05 00 5.3 9.4 0.05 84
../bin/rate KPF6inACN 05 00 5.3 9.7 0.05 85
../bin/rate KPF6inACN 05 00 5.3 10.0 0.05 86
../bin/rate KPF6inACN 05 00 5.3 10.3 0.05 87
../bin/rate KPF6inACN 05 00 5.3 10.6 0.05 88
../bin/rate KPF6inACN 05 00 5.3 10.9 0.05 89
../bin/rate KPF6inACN 05 00 5.3 11.2 0.05 90
../bin/rate KPF6inACN 05 00 5.5 7.0 0.05 91
../bin/rate KPF6inACN 05 00 5.5 7.3 0.05 92
../bin/rate KPF6inACN 05 00 5.5 7.6 0.05 93
../bin/rate KPF6inACN 05 00 5.5 7.9 0.05 94
../bin/rate KPF6inACN 05 00 5.5 8.2 0.05 95
../bin/rate KPF6inACN 05 00 5.5 8.5 0.05 96
../bin/rate KPF6inACN 05 00 5.5 8.8 0.05 97
../bin/rate KPF6inACN 05 00 5.5 9.1 0.05 98
../bin/rate KPF6inACN 05 00 5.5 9.4 0.05 99
../bin/rate KPF6inACN 05 00 5.5 9.7 0.05 100
../bin/rate KPF6inACN 05 00 5.5 10.0 0.05 101
../bin/rate KPF6inACN 05 00 5.5 10.3 0.05 102
../bin/rate KPF6inACN 05 00 5.5 10.6 0.05 103
../bin/rate KPF6inACN 05 00 5.5 10.9 0.05 104
../bin/rate KPF6inACN 05 00 5.5 11.2 0.05 105
../bin/rate KPF6inACN 05 00 5.7 7.0 0.05 106
../bin/rate KPF6inACN 05 00 5.7 7.3 0.05 107
../bin/rate KPF6inACN 05 00 5.7 7.6 0.05 108
../bin/rate KPF6inACN 05 00 5.7 7.9 0.05 109
../bin/rate KPF6inACN 05 00 5.7 8.2 0.05 110
../bin/rate KPF6inACN 05 00 5.7 8.5 0.05 111
../bin/rate KPF6inACN 05 00 5.7 8.8 0.05 112
../bin/rate KPF6inACN 05 00 5.7 9.1 0.05 113
../bin/rate KPF6inACN 05 00 5.7 9.4 0.05 114
../bin/rate KPF6inACN 05 00 5.7 9.7 0.05 115
../bin/rate KPF6inACN 05 00 5.7 10.0 0.05 116
../bin/rate KPF6inACN 05 00 5.7 10.3 0.05 117
../bin/rate KPF6inACN 05 00 5.7 10.6 0.05 118
../bin/rate KPF6inACN 05 00 5.7 10.9 0.05 119
../bin/rate KPF6inACN 05 00 5.7 11.2 0.05 120
../bin/rate KPF6inACN 05 00 5.9 7.0 0.05 121
../bin/rate KPF6inACN 05 00 5.9 7.3 0.05 122
../bin/rate KPF6inACN 05 00 5.9 7.6 0.05 123
../bin/rate KPF6inACN 05 00 5.9 7.9 0.05 124
../bin/rate KPF6inACN 05 00 5.9 8.2 0.05 125
../bin/rate KPF6inACN 05 00 5.9 8.5 0.05 126
../bin/rate KPF6inACN 05 00 5.9 8.8 0.05 127
../bin/rate KPF6inACN 05 00 5.9 9.1 0.05 128
../bin/rate KPF6inACN 05 00 5.9 9.4 0.05 129
../bin/rate KPF6inACN 05 00 5.9 9.7 0.05 130
../bin/rate KPF6inACN 05 00 5.9 10.0 0.05 131
../bin/rate KPF6inACN 05 00 5.9 10.3 0.05 132
../bin/rate KPF6inACN 05 00 5.9 10.6 0.05 133
../bin/rate KPF6inACN 05 00 5.9 10.9 0.05 134
../bin/rate KPF6inACN 05 00 5.9 11.2 0.05 135
